This file contains any messages produced by compilers while
running configure, to aid debugging if configure makes a mistake.

It was created by scrupp configure 0.4, which was
generated by GNU Autoconf 2.64.  Invocation command line was

  $ ./configure 

## --------- ##
## Platform. ##
## --------- ##

hostname = anhong-deb7
uname -m = i686
uname -r = 3.2.0-4-686-pae
uname -s = Linux
uname -v = #1 SMP Debian 3.2.51-1

/usr/bin/uname -p = unknown
/bin/uname -X     = unknown

/bin/arch              = unknown
/usr/bin/arch -k       = unknown
/usr/convex/getsysinfo = unknown
/usr/bin/hostinfo      = unknown
/bin/machine           = unknown
/usr/bin/oslevel       = unknown
/bin/universe          = unknown

PATH: /usr/local/bin
PATH: /usr/bin
PATH: /bin
PATH: /usr/local/games
PATH: /usr/games


## ----------- ##
## Core tests. ##
## ----------- ##

configure:2391: checking for a BSD-compatible install
configure:2459: result: /usr/bin/install -c
configure:2470: checking whether build environment is sane
configure:2520: result: yes
configure:2661: checking for a thread-safe mkdir -p
configure:2700: result: /bin/mkdir -p
configure:2713: checking for gawk
configure:2743: result: no
configure:2713: checking for mawk
configure:2729: found /usr/bin/mawk
configure:2740: result: mawk
configure:2751: checking whether make sets $(MAKE)
configure:2773: result: yes
configure:2901: checking for gcc
configure:2917: found /usr/bin/gcc
configure:2928: result: gcc
configure:3157: checking for C compiler version
configure:3166: gcc --version >&5
gcc (Debian 4.7.2-5) 4.7.2
Copyright (C) 2012 Free Software Foundation, Inc.
This is free software; see the source for copying conditions.  There is NO
warranty; not even for MERCHANTABILITY or FITNESS FOR A PARTICULAR PURPOSE.

configure:3177: $? = 0
configure:3166: gcc -v >&5
Using built-in specs.
COLLECT_GCC=gcc
COLLECT_LTO_WRAPPER=/usr/lib/gcc/i486-linux-gnu/4.7/lto-wrapper
Target: i486-linux-gnu
Configured with: ../src/configure -v --with-pkgversion='Debian 4.7.2-5' --with-bugurl=file:///usr/share/doc/gcc-4.7/README.Bugs --enable-languages=c,c++,go,fortran,objc,obj-c++ --prefix=/usr --program-suffix=-4.7 --enable-shared --enable-linker-build-id --with-system-zlib --libexecdir=/usr/lib --without-included-gettext --enable-threads=posix --with-gxx-include-dir=/usr/include/c++/4.7 --libdir=/usr/lib --enable-nls --with-sysroot=/ --enable-clocale=gnu --enable-libstdcxx-debug --enable-libstdcxx-time=yes --enable-gnu-unique-object --enable-plugin --enable-objc-gc --enable-targets=all --with-arch-32=i586 --with-tune=generic --enable-checking=release --build=i486-linux-gnu --host=i486-linux-gnu --target=i486-linux-gnu
Thread model: posix
gcc version 4.7.2 (Debian 4.7.2-5) 
configure:3177: $? = 0
configure:3166: gcc -V >&5
gcc: error: unrecognized command line option '-V'
gcc: fatal error: no input files
compilation terminated.
configure:3177: $? = 4
configure:3166: gcc -qversion >&5
gcc: error: unrecognized command line option '-qversion'
gcc: fatal error: no input files
compilation terminated.
configure:3177: $? = 4
configure:3199: checking for C compiler default output file name
configure:3221: gcc    conftest.c  >&5
configure:3225: $? = 0
configure:3262: result: a.out
configure:3278: checking whether the C compiler works
configure:3287: ./a.out
configure:3291: $? = 0
configure:3306: result: yes
configure:3313: checking whether we are cross compiling
configure:3315: result: no
configure:3318: checking for suffix of executables
configure:3325: gcc -o conftest    conftest.c  >&5
configure:3329: $? = 0
configure:3351: result: 
configure:3357: checking for suffix of object files
configure:3379: gcc -c   conftest.c >&5
configure:3383: $? = 0
configure:3404: result: o
configure:3408: checking whether we are using the GNU C compiler
configure:3427: gcc -c   conftest.c >&5
configure:3427: $? = 0
configure:3436: result: yes
configure:3445: checking whether gcc accepts -g
configure:3465: gcc -c -g  conftest.c >&5
configure:3465: $? = 0
configure:3506: result: yes
configure:3523: checking for gcc option to accept ISO C89
configure:3587: gcc  -c -g -O2  conftest.c >&5
configure:3587: $? = 0
configure:3600: result: none needed
configure:3631: checking for style of include used by make
configure:3659: result: GNU
configure:3684: checking dependency style of gcc
configure:3794: result: gcc3
configure:3839: checking build system type
configure:3853: result: i686-pc-linux-gnu
configure:3873: checking host system type
configure:3886: result: i686-pc-linux-gnu
configure:3906: checking for a sed that does not truncate output
configure:3970: result: /bin/sed
configure:3988: checking for grep that handles long lines and -e
configure:4046: result: /bin/grep
configure:4051: checking for egrep
configure:4113: result: /bin/grep -E
configure:4118: checking for fgrep
configure:4180: result: /bin/grep -F
configure:4215: checking for ld used by gcc
configure:4282: result: /usr/bin/ld
configure:4289: checking if the linker (/usr/bin/ld) is GNU ld
configure:4304: result: yes
configure:4316: checking for BSD- or MS-compatible name lister (nm)
configure:4365: result: /usr/bin/nm -B
configure:4483: checking the name lister (/usr/bin/nm -B) interface
configure:4490: gcc -c -g -O2  conftest.c >&5
configure:4493: /usr/bin/nm -B "conftest.o"
configure:4496: output
00000000 B some_variable
configure:4503: result: BSD nm
configure:4506: checking whether ln -s works
configure:4510: result: yes
configure:4518: checking the maximum length of command line arguments
configure:4638: result: 1572864
configure:4655: checking whether the shell understands some XSI constructs
configure:4665: result: yes
configure:4669: checking whether the shell understands "+="
configure:4675: result: yes
configure:4710: checking for /usr/bin/ld option to reload object files
configure:4717: result: -r
configure:4786: checking for objdump
configure:4802: found /usr/bin/objdump
configure:4813: result: objdump
configure:4845: checking how to recognize dependent libraries
configure:5041: result: pass_all
configure:5101: checking for ar
configure:5117: found /usr/bin/ar
configure:5128: result: ar
configure:5206: checking for strip
configure:5222: found /usr/bin/strip
configure:5233: result: strip
configure:5305: checking for ranlib
configure:5321: found /usr/bin/ranlib
configure:5332: result: ranlib
configure:5422: checking command to parse /usr/bin/nm -B output from gcc object
configure:5540: gcc -c -g -O2  conftest.c >&5
configure:5543: $? = 0
configure:5547: /usr/bin/nm -B conftest.o \| sed -n -e 's/^.*[	 ]\([ABCDGIRSTW][ABCDGIRSTW]*\)[	 ][	 ]*\([_A-Za-z][_A-Za-z0-9]*\)$/\1 \2 \2/p' \> conftest.nm
configure:5550: $? = 0
configure:5604: gcc -o conftest -g -O2   conftest.c conftstm.o >&5
configure:5607: $? = 0
configure:5645: result: ok
configure:6454: checking how to run the C preprocessor
configure:6485: gcc -E  conftest.c
configure:6485: $? = 0
configure:6499: gcc -E  conftest.c
conftest.c:11:28: fatal error: ac_nonexistent.h: No such file or directory
compilation terminated.
configure:6499: $? = 1
configure: failed program was:
| /* confdefs.h */
| #define PACKAGE_NAME "scrupp"
| #define PACKAGE_TARNAME "scrupp"
| #define PACKAGE_VERSION "0.4"
| #define PACKAGE_STRING "scrupp 0.4"
| #define PACKAGE_BUGREPORT ""
| #define PACKAGE_URL ""
| #define PACKAGE "scrupp"
| #define VERSION "0.4"
| /* end confdefs.h.  */
| #include <ac_nonexistent.h>
configure:6524: result: gcc -E
configure:6544: gcc -E  conftest.c
configure:6544: $? = 0
configure:6558: gcc -E  conftest.c
conftest.c:11:28: fatal error: ac_nonexistent.h: No such file or directory
compilation terminated.
configure:6558: $? = 1
configure: failed program was:
| /* confdefs.h */
| #define PACKAGE_NAME "scrupp"
| #define PACKAGE_TARNAME "scrupp"
| #define PACKAGE_VERSION "0.4"
| #define PACKAGE_STRING "scrupp 0.4"
| #define PACKAGE_BUGREPORT ""
| #define PACKAGE_URL ""
| #define PACKAGE "scrupp"
| #define VERSION "0.4"
| /* end confdefs.h.  */
| #include <ac_nonexistent.h>
configure:6587: checking for ANSI C header files
configure:6607: gcc -c -g -O2  conftest.c >&5
configure:6607: $? = 0
configure:6680: gcc -o conftest -g -O2   conftest.c  >&5
configure:6680: $? = 0
configure:6680: ./conftest
configure:6680: $? = 0
configure:6691: result: yes
configure:6704: checking for sys/types.h
configure:6704: gcc -c -g -O2  conftest.c >&5
configure:6704: $? = 0
configure:6704: result: yes
configure:6704: checking for sys/stat.h
configure:6704: gcc -c -g -O2  conftest.c >&5
configure:6704: $? = 0
configure:6704: result: yes
configure:6704: checking for stdlib.h
configure:6704: gcc -c -g -O2  conftest.c >&5
configure:6704: $? = 0
configure:6704: result: yes
configure:6704: checking for string.h
configure:6704: gcc -c -g -O2  conftest.c >&5
configure:6704: $? = 0
configure:6704: result: yes
configure:6704: checking for memory.h
configure:6704: gcc -c -g -O2  conftest.c >&5
configure:6704: $? = 0
configure:6704: result: yes
configure:6704: checking for strings.h
configure:6704: gcc -c -g -O2  conftest.c >&5
configure:6704: $? = 0
configure:6704: result: yes
configure:6704: checking for inttypes.h
configure:6704: gcc -c -g -O2  conftest.c >&5
configure:6704: $? = 0
configure:6704: result: yes
configure:6704: checking for stdint.h
configure:6704: gcc -c -g -O2  conftest.c >&5
configure:6704: $? = 0
configure:6704: result: yes
configure:6704: checking for unistd.h
configure:6704: gcc -c -g -O2  conftest.c >&5
configure:6704: $? = 0
configure:6704: result: yes
configure:6719: checking for dlfcn.h
configure:6719: gcc -c -g -O2  conftest.c >&5
configure:6719: $? = 0
configure:6719: result: yes
configure:6903: checking for objdir
configure:6918: result: .libs
configure:7214: checking if gcc supports -fno-rtti -fno-exceptions
configure:7232: gcc -c -g -O2  -fno-rtti -fno-exceptions conftest.c >&5
cc1: warning: command line option '-fno-rtti' is valid for C++/ObjC++ but not for C [enabled by default]
configure:7236: $? = 0
configure:7249: result: no
configure:7269: checking for gcc option to produce PIC
configure:7541: result: -fPIC -DPIC
configure:7553: checking if gcc PIC flag -fPIC -DPIC works
configure:7571: gcc -c -g -O2  -fPIC -DPIC -DPIC conftest.c >&5
configure:7575: $? = 0
configure:7588: result: yes
configure:7612: checking if gcc static flag -static works
configure:7640: result: yes
configure:7655: checking if gcc supports -c -o file.o
configure:7676: gcc -c -g -O2  -o out/conftest2.o conftest.c >&5
configure:7680: $? = 0
configure:7702: result: yes
configure:7710: checking if gcc supports -c -o file.o
configure:7757: result: yes
configure:7790: checking whether the gcc linker (/usr/bin/ld) supports shared libraries
configure:8776: result: yes
configure:8813: checking whether -lc should be explicitly linked in
configure:8818: gcc -c -g -O2  conftest.c >&5
configure:8821: $? = 0
configure:8836: gcc -shared conftest.o  -v -Wl,-soname -Wl,conftest -o conftest 2\>\&1 \| /bin/grep  -lc  \>/dev/null 2\>\&1
configure:8839: $? = 0
configure:8851: result: no
configure:9015: checking dynamic linker characteristics
configure:9448: gcc -o conftest -g -O2   -Wl,-rpath -Wl,/foo conftest.c  >&5
configure:9448: $? = 0
configure:9666: result: GNU/Linux ld.so
configure:9768: checking how to hardcode library paths into programs
configure:9793: result: immediate
configure:10313: checking whether stripping libraries is possible
configure:10318: result: yes
configure:10353: checking if libtool supports shared libraries
configure:10355: result: yes
configure:10358: checking whether to build shared libraries
configure:10379: result: yes
configure:10382: checking whether to build static libraries
configure:10386: result: yes
configure:10474: checking for pkg-config
configure:10492: found /usr/bin/pkg-config
configure:10504: result: /usr/bin/pkg-config
configure:10529: checking pkg-config is at least version 0.9.0
configure:10532: result: yes
configure:10553: checking for lua5.1.pc
configure:10562: result: no
configure:10553: checking for lua51.pc
configure:10562: result: no
configure:10553: checking for lua-5.1.pc
configure:10562: result: no
configure:10553: checking for lua.pc
configure:10562: result: no
configure:10573: checking for LUA
configure:10580: $PKG_CONFIG --exists --print-errors "${LUA_PKG_NAME} >= 5.1"
Package lua5.1 was not found in the pkg-config search path.
Perhaps you should add the directory containing `lua5.1.pc'
to the PKG_CONFIG_PATH environment variable
No package 'lua5.1' found
configure:10583: $? = 1
configure:10596: $PKG_CONFIG --exists --print-errors "${LUA_PKG_NAME} >= 5.1"
Package lua5.1 was not found in the pkg-config search path.
Perhaps you should add the directory containing `lua5.1.pc'
to the PKG_CONFIG_PATH environment variable
No package 'lua5.1' found
configure:10599: $? = 1
No package 'lua5.1' found
configure:10636: error: Package requirements (lua5.1 >= 5.1) were not met:

No package 'lua5.1' found

Consider adjusting the PKG_CONFIG_PATH environment variable if you
installed software in a non-standard prefix.

Alternatively, you may set the environment variables LUA_CFLAGS
and LUA_LIBS to avoid the need to call pkg-config.
See the pkg-config man page for more details.


## ---------------- ##
## Cache variables. ##
## ---------------- ##

ac_cv_build=i686-pc-linux-gnu
ac_cv_c_compiler_gnu=yes
ac_cv_env_CAIRO_CFLAGS_set=
ac_cv_env_CAIRO_CFLAGS_value=
ac_cv_env_CAIRO_LIBS_set=
ac_cv_env_CAIRO_LIBS_value=
ac_cv_env_CC_set=
ac_cv_env_CC_value=
ac_cv_env_CFLAGS_set=
ac_cv_env_CFLAGS_value=
ac_cv_env_CPPFLAGS_set=
ac_cv_env_CPPFLAGS_value=
ac_cv_env_CPP_set=
ac_cv_env_CPP_value=
ac_cv_env_GTK_CFLAGS_set=
ac_cv_env_GTK_CFLAGS_value=
ac_cv_env_GTK_LIBS_set=
ac_cv_env_GTK_LIBS_value=
ac_cv_env_LDFLAGS_set=
ac_cv_env_LDFLAGS_value=
ac_cv_env_LIBS_set=
ac_cv_env_LIBS_value=
ac_cv_env_LUA_CFLAGS_set=
ac_cv_env_LUA_CFLAGS_value=
ac_cv_env_LUA_LIBS_set=
ac_cv_env_LUA_LIBS_value=
ac_cv_env_PKG_CONFIG_set=
ac_cv_env_PKG_CONFIG_value=
ac_cv_env_XMKMF_set=
ac_cv_env_XMKMF_value=
ac_cv_env_build_alias_set=
ac_cv_env_build_alias_value=
ac_cv_env_host_alias_set=
ac_cv_env_host_alias_value=
ac_cv_env_target_alias_set=
ac_cv_env_target_alias_value=
ac_cv_header_dlfcn_h=yes
ac_cv_header_inttypes_h=yes
ac_cv_header_memory_h=yes
ac_cv_header_stdc=yes
ac_cv_header_stdint_h=yes
ac_cv_header_stdlib_h=yes
ac_cv_header_string_h=yes
ac_cv_header_strings_h=yes
ac_cv_header_sys_stat_h=yes
ac_cv_header_sys_types_h=yes
ac_cv_header_unistd_h=yes
ac_cv_host=i686-pc-linux-gnu
ac_cv_objext=o
ac_cv_path_EGREP='/bin/grep -E'
ac_cv_path_FGREP='/bin/grep -F'
ac_cv_path_GREP=/bin/grep
ac_cv_path_SED=/bin/sed
ac_cv_path_ac_pt_PKG_CONFIG=/usr/bin/pkg-config
ac_cv_path_install='/usr/bin/install -c'
ac_cv_path_mkdir=/bin/mkdir
ac_cv_prog_AWK=mawk
ac_cv_prog_CPP='gcc -E'
ac_cv_prog_ac_ct_AR=ar
ac_cv_prog_ac_ct_CC=gcc
ac_cv_prog_ac_ct_OBJDUMP=objdump
ac_cv_prog_ac_ct_RANLIB=ranlib
ac_cv_prog_ac_ct_STRIP=strip
ac_cv_prog_cc_c89=
ac_cv_prog_cc_g=yes
ac_cv_prog_make_make_set=yes
am_cv_CC_dependencies_compiler_type=gcc3
lt_cv_deplibs_check_method=pass_all
lt_cv_file_magic_cmd='$MAGIC_CMD'
lt_cv_file_magic_test_file=
lt_cv_ld_reload_flag=-r
lt_cv_nm_interface='BSD nm'
lt_cv_objdir=.libs
lt_cv_path_LD=/usr/bin/ld
lt_cv_path_NM='/usr/bin/nm -B'
lt_cv_prog_compiler_c_o=yes
lt_cv_prog_compiler_pic_works=yes
lt_cv_prog_compiler_rtti_exceptions=no
lt_cv_prog_compiler_static_works=yes
lt_cv_prog_gnu_ld=yes
lt_cv_sys_global_symbol_pipe='sed -n -e '\''s/^.*[	 ]\([ABCDGIRSTW][ABCDGIRSTW]*\)[	 ][	 ]*\([_A-Za-z][_A-Za-z0-9]*\)$/\1 \2 \2/p'\'''
lt_cv_sys_global_symbol_to_c_name_address='sed -n -e '\''s/^: \([^ ]*\) $/  {\"\1\", (void *) 0},/p'\'' -e '\''s/^[ABCDGIRSTW]* \([^ ]*\) \([^ ]*\)$/  {"\2", (void *) \&\2},/p'\'''
lt_cv_sys_global_symbol_to_c_name_address_lib_prefix='sed -n -e '\''s/^: \([^ ]*\) $/  {\"\1\", (void *) 0},/p'\'' -e '\''s/^[ABCDGIRSTW]* \([^ ]*\) \(lib[^ ]*\)$/  {"\2", (void *) \&\2},/p'\'' -e '\''s/^[ABCDGIRSTW]* \([^ ]*\) \([^ ]*\)$/  {"lib\2", (void *) \&\2},/p'\'''
lt_cv_sys_global_symbol_to_cdecl='sed -n -e '\''s/^T .* \(.*\)$/extern int \1();/p'\'' -e '\''s/^[ABCDGIRSTW]* .* \(.*\)$/extern char \1;/p'\'''
lt_cv_sys_max_cmd_len=1572864

## ----------------- ##
## Output variables. ##
## ----------------- ##

ACLOCAL='${SHELL} /home/anhong/Dropbox/scrupp_src/platforms/unix/missing --run aclocal-1.11'
AMDEPBACKSLASH='\'
AMDEP_FALSE='#'
AMDEP_TRUE=''
AMTAR='${SHELL} /home/anhong/Dropbox/scrupp_src/platforms/unix/missing --run tar'
AR='ar'
AUTOCONF='${SHELL} /home/anhong/Dropbox/scrupp_src/platforms/unix/missing --run autoconf'
AUTOHEADER='${SHELL} /home/anhong/Dropbox/scrupp_src/platforms/unix/missing --run autoheader'
AUTOMAKE='${SHELL} /home/anhong/Dropbox/scrupp_src/platforms/unix/missing --run automake-1.11'
AWK='mawk'
CAIRO_CFLAGS=''
CAIRO_LIBS=''
CC='gcc'
CCDEPMODE='depmode=gcc3'
CFLAGS='-g -O2'
CPP='gcc -E'
CPPFLAGS=''
CYGPATH_W='echo'
DEFS=''
DEPDIR='.deps'
DSYMUTIL=''
DUMPBIN=''
ECHO_C=''
ECHO_N='-n'
ECHO_T=''
EGREP='/bin/grep -E'
EXEEXT=''
FGREP='/bin/grep -F'
GL_CFLAGS=''
GL_LIBS=''
GREP='/bin/grep'
GTK_CFLAGS=''
GTK_LIBS=''
INSTALL_DATA='${INSTALL} -m 644'
INSTALL_PROGRAM='${INSTALL}'
INSTALL_SCRIPT='${INSTALL}'
INSTALL_STRIP_PROGRAM='$(install_sh) -c -s'
LD='/usr/bin/ld'
LDFLAGS=''
LIBOBJS=''
LIBS=''
LIBTOOL='$(SHELL) $(top_builddir)/libtool'
LIPO=''
LN_S='ln -s'
LTLIBOBJS=''
LUA_CFLAGS=''
LUA_LIBS=''
MAKEINFO='${SHELL} /home/anhong/Dropbox/scrupp_src/platforms/unix/missing --run makeinfo'
MKDIR_P='/bin/mkdir -p'
NM='/usr/bin/nm -B'
NMEDIT=''
OBJDUMP='objdump'
OBJEXT='o'
OTOOL64=''
OTOOL=''
PACKAGE='scrupp'
PACKAGE_BUGREPORT=''
PACKAGE_NAME='scrupp'
PACKAGE_STRING='scrupp 0.4'
PACKAGE_TARNAME='scrupp'
PACKAGE_URL=''
PACKAGE_VERSION='0.4'
PATH_SEPARATOR=':'
PKG_CONFIG='/usr/bin/pkg-config'
PTHREAD_CC=''
PTHREAD_CFLAGS=''
PTHREAD_LIBS=''
RANLIB='ranlib'
SDL_CFLAGS=''
SDL_CONFIG=''
SDL_LIBS=''
SED='/bin/sed'
SET_MAKE=''
SHELL='/bin/bash'
SMPEG_CFLAGS=''
SMPEG_CONFIG=''
SMPEG_LIBS=''
STRIP='strip'
VERSION='0.4'
XMKMF=''
ac_ct_CC='gcc'
ac_ct_DUMPBIN=''
acx_pthread_config=''
am__EXEEXT_FALSE=''
am__EXEEXT_TRUE=''
am__fastdepCC_FALSE='#'
am__fastdepCC_TRUE=''
am__include='include'
am__isrc=''
am__leading_dot='.'
am__quote=''
am__tar='${AMTAR} chof - "$$tardir"'
am__untar='${AMTAR} xf -'
bindir='${exec_prefix}/bin'
build='i686-pc-linux-gnu'
build_alias=''
build_cpu='i686'
build_os='linux-gnu'
build_vendor='pc'
datadir='${datarootdir}'
datarootdir='${prefix}/share'
docdir='${datarootdir}/doc/${PACKAGE_TARNAME}'
dvidir='${docdir}'
exec_prefix='NONE'
host='i686-pc-linux-gnu'
host_alias=''
host_cpu='i686'
host_os='linux-gnu'
host_vendor='pc'
htmldir='${docdir}'
includedir='${prefix}/include'
infodir='${datarootdir}/info'
install_sh='${SHELL} /home/anhong/Dropbox/scrupp_src/platforms/unix/install-sh'
libdir='${exec_prefix}/lib'
libexecdir='${exec_prefix}/libexec'
localedir='${datarootdir}/locale'
localstatedir='${prefix}/var'
lt_ECHO='echo'
mandir='${datarootdir}/man'
mkdir_p='/bin/mkdir -p'
oldincludedir='/usr/include'
pdfdir='${docdir}'
prefix='NONE'
program_transform_name='s,x,x,'
psdir='${docdir}'
sbindir='${exec_prefix}/sbin'
sharedstatedir='${prefix}/com'
sysconfdir='${prefix}/etc'
target_alias=''

## ----------- ##
## confdefs.h. ##
## ----------- ##

/* confdefs.h */
#define PACKAGE_NAME "scrupp"
#define PACKAGE_TARNAME "scrupp"
#define PACKAGE_VERSION "0.4"
#define PACKAGE_STRING "scrupp 0.4"
#define PACKAGE_BUGREPORT ""
#define PACKAGE_URL ""
#define PACKAGE "scrupp"
#define VERSION "0.4"
#define STDC_HEADERS 1
#define HAVE_SYS_TYPES_H 1
#define HAVE_SYS_STAT_H 1
#define HAVE_STDLIB_H 1
#define HAVE_STRING_H 1
#define HAVE_MEMORY_H 1
#define HAVE_STRINGS_H 1
#define HAVE_INTTYPES_H 1
#define HAVE_STDINT_H 1
#define HAVE_UNISTD_H 1
#define HAVE_DLFCN_H 1
#define LT_OBJDIR ".libs/"

configure: exit 1
